Change Component Library : Designator=D4 Old Library=CLMVC-FKA-CL1D1L71BB7C3C3.IntLib New Library=CLMVC-FKA-CL1D1L71BB7C3C3.SchLib
Added Component: Designator=Q4(SIR165DP)
Add component (AddParameter): Name = "Availability"; Value = "In Stock"; VariantName = "[No Variations]"
Add component (AddParameter): Name = "Check_prices"; Value = "https://www.snapeda.com/parts/SI7463DP/Vishay/view-part/2773444/?ref=eda"; VariantName = "[No Variations]"
Add component (AddParameter): Name = "MF"; Value = "Vishay"; VariantName = "[No Variations]"
Add component (AddParameter): Name = "MP"; Value = "SI7463DP"; VariantName = "[No Variations]"
Add component (AddParameter): Name = "Package"; Value = "SO-8 Vishay"; VariantName = "[No Variations]"
Add component (AddParameter): Name = "Price"; Value = "None"; VariantName = "[No Variations]"
Add component (AddParameter): Name = "Purchase-URL"; Value = "https://pricing.snapeda.com/search/part/SI7463DP/?ref=eda"; VariantName = "[No Variations]"
Add component (AddParameter): Name = "SnapEDA_Link"; Value = "https://www.snapeda.com/parts/SI7463DP/Vishay/view-part/2773444/?ref=snap"; VariantName = "[No Variations]"
Add component (AddParameter): Name = "Supplier 1"; Value = "Newark"; VariantName = "[No Variations]"
Add component (AddParameter): Name = "Supplier Part Number 1"; Value = "81AC2789"; VariantName = "[No Variations]"
Add component (AddParameter): Name = "Value"; Value = ""; VariantName = "[No Variations]"
Added Component: Designator=Q7(SOT23-3)
Add component (AddParameter): Name = "LatestRevisionDate"; Value = "17-Jul-2002"; VariantName = "[No Variations]"
Add component (AddParameter): Name = "LatestRevisionNote"; Value = "Re-released for DXP Platform."; VariantName = "[No Variations]"
Add component (AddParameter): Name = "PackageDescription"; Value = "TO, Flat Index; 3 In-Line, Axial Leads; Body Dia. 4.6mm; Lead Dia. 0.5 mm (max)"; VariantName = "[No Variations]"
Add component (AddParameter): Name = "PackageReference"; Value = "E3"; VariantName = "[No Variations]"
Add component (AddParameter): Name = "PackageVersion"; Value = "1995/1996"; VariantName = "[No Variations]"
Add component (AddParameter): Name = "Published"; Value = "8-Jun-2000"; VariantName = "[No Variations]"
Add component (AddParameter): Name = "Publisher"; Value = "Altium Limited"; VariantName = "[No Variations]"
Added Pin To Net: NetName=Battery_VCC Pin=Q4-1
Added Pin To Net: NetName=Battery_VCC Pin=Q4-2
Added Pin To Net: NetName=Battery_VCC Pin=Q4-3
Added Pin To Net: NetName=NetQ4_4 Pin=Q4-4
Added Pin To Net: NetName=Batt_Curr_Sense Pin=Q4-5
Added Pin To Net: NetName=Batt_Curr_Sense Pin=Q4-6
Added Pin To Net: NetName=Batt_Curr_Sense Pin=Q4-7
Added Pin To Net: NetName=Batt_Curr_Sense Pin=Q4-8
Added Pin To Net: NetName=Batt_Curr_Sense Pin=Q4-9
Added Pin To Net: NetName=NetQ4_4 Pin=Q7-1
Added Pin To Net: NetName=Power_Gate_Switch Pin=Q7-2
Added Pin To Net: NetName=GND Pin=Q7-3
Added Member To Class: ClassName=Sensors Member=Component P13 Sensor Probe Side
Added Member To Class: ClassName=Power Member=Component Q4 SI7463DP
Added Member To Class: ClassName=Power Member=Component Q7 YJL3400A
Added Member To Class: ClassName=MainPCB Member=Component U15 U-Blox NEO-M8U Breakout
