Change Component Designator: Old Designator=C31 New Designator=C9
Change Component Designator: Old Designator=C32 New Designator=C10
Change Component Designator: Old Designator=C33 New Designator=C12
Change Component Designator: Old Designator=D2 New Designator=D1
Change Component Designator: Old Designator=D3 New Designator=D2
Change Component Designator: Old Designator=D4 New Designator=D3
Change Component Designator: Old Designator=D5 New Designator=D4
Change Component Designator: Old Designator=P6 New Designator=P5
Change Component Designator: Old Designator=Q4 New Designator=Q1
Change Component Designator: Old Designator=Q4 New Designator=Q1
Change Component Designator: Old Designator=Q5 New Designator=Q2
Change Component Designator: Old Designator=Q5 New Designator=Q2
Change Component Designator: Old Designator=R23 New Designator=R6
Change Component Designator: Old Designator=R24 New Designator=R12
Change Component Designator: Old Designator=R25 New Designator=R15
Change Component Designator: Old Designator=R40 New Designator=R9
Change Component Designator: Old Designator=R41 New Designator=R14
Change Component Designator: Old Designator=R42 New Designator=R17
Change Component Designator: Old Designator=R43 New Designator=R21
Change Component Designator: Old Designator=R44 New Designator=R22
Change Component Designator: Old Designator=R45 New Designator=R23
Change Component Designator: Old Designator=R46 New Designator=R24
Change Component Designator: Old Designator=R50 New Designator=R10
Change Component Designator: Old Designator=R51 New Designator=R11
Change Component Designator: Old Designator=R52 New Designator=R16
Change Component Designator: Old Designator=U7 New Designator=U6
Change Component Designator: Old Designator=U8 New Designator=U7
Change Component Designator: Old Designator=U9 New Designator=U8
