Change Physical Footprint: Designator=C1 Old Footprint=ANTC1608X90N New Footprint=ANTC1608X90N
Change Physical Footprint: Designator=C2 Old Footprint=ANTC1608X90N New Footprint=ANTC1608X90N
Change Physical Footprint: Designator=C3 Old Footprint=CAPC2012X145N New Footprint=CAPC2012X145N
Change Physical Footprint: Designator=C4 Old Footprint=CAPC2012X145N New Footprint=CAPC2012X145N
Change Physical Footprint: Designator=C5 Old Footprint=CAPC2012X145N New Footprint=CAPC2012X145N
Change Physical Footprint: Designator=C6 Old Footprint=CAPC2012X145N New Footprint=CAPC2012X145N
Change Physical Footprint: Designator=C7 Old Footprint=CAPC2012X145N New Footprint=CAPC2012X145N
Change Physical Footprint: Designator=C8 Old Footprint=CAPC2012X145N New Footprint=CAPC2012X145N
Change Physical Footprint: Designator=C9 Old Footprint=CAPC2012X145N New Footprint=CAPC2012X145N
Change Physical Footprint: Designator=C10 Old Footprint=CAPC2012X145N New Footprint=CAPC2012X145N
Change Physical Footprint: Designator=C11 Old Footprint=CAPC2012X145N New Footprint=CAPC2012X145N
Change Physical Footprint: Designator=C12 Old Footprint=CAPC2012X145N New Footprint=CAPC2012X145N
Change Physical Footprint: Designator=C13 Old Footprint=CAPC2012X145N New Footprint=CAPC2012X145N
Change Physical Footprint: Designator=D1 Old Footprint=DIO_SS26FL New Footprint=DIO_SS26FL
Change Physical Footprint: Designator=D2 Old Footprint=DIO_SS26FL New Footprint=DIO_SS26FL
Change Physical Footprint: Designator=D3 Old Footprint=DIO_SS26FL New Footprint=DIO_SS26FL
Change Physical Footprint: Designator=D4 Old Footprint=ONSC-SOT-23-3-318-08_V New Footprint=ONSC-SOT-23-3-318-08_V
Change Physical Footprint: Designator=J1 Old Footprint=GCT_MEM2051-00-195-00-A New Footprint=GCT_MEM2051-00-195-00-A
Change Physical Footprint: Designator=J2 Old Footprint=GCT_USB4105-GF-A New Footprint=GCT_USB4105-GF-A
Change Physical Footprint: Designator=J3 Old Footprint=FP-PCB_SMAFRA_HT-MFG New Footprint=FP-PCB_SMAFRA_HT-MFG
Change Physical Footprint: Designator=J4 Old Footprint=FP-PCB_SMAFRA_HT-MFG New Footprint=FP-PCB_SMAFRA_HT-MFG
Change Physical Footprint: Designator=J5 Old Footprint=FP-PCB_SMAFRA_HT-MFG New Footprint=FP-PCB_SMAFRA_HT-MFG
Change Physical Footprint: Designator=J6 Old Footprint=FP-PCB_SMAFRA_HT-MFG New Footprint=FP-PCB_SMAFRA_HT-MFG
Change Physical Footprint: Designator=L1 Old Footprint=INDPM125125X800N New Footprint=INDPM125125X800N
Change Physical Footprint: Designator=L2 Old Footprint=INDPM125125X800N New Footprint=INDPM125125X800N
Change Physical Footprint: Designator=L3 Old Footprint=INDPM125125X800N New Footprint=INDPM125125X800N
Change Physical Footprint: Designator=MD1 Old Footprint=FP-XBP9B-DMUTB002-MFG New Footprint=FP-XBP9B-DMUTB002-MFG
Change Physical Footprint: Designator=P1 Old Footprint=XT30_Horizontal New Footprint=XT30_Horizontal
Change Physical Footprint: Designator=P2 Old Footprint=TE_350761-4 New Footprint=TE_350761-4
Change Physical Footprint: Designator=P3 Old Footprint=HDR1X3 New Footprint=HDR1X3
Change Physical Footprint: Designator=P4 Old Footprint=HDR1X3 New Footprint=HDR1X3
Change Physical Footprint: Designator=P5 Old Footprint=HDR1X3 New Footprint=HDR1X3
Change Physical Footprint: Designator=P6 Old Footprint=HDR1X3 New Footprint=HDR1X3
Change Physical Footprint: Designator=P7 Old Footprint=HDR1X3 New Footprint=HDR1X3
Change Physical Footprint: Designator=P8 Old Footprint=HDR1X3 New Footprint=HDR1X3
Change Physical Footprint: Designator=P9 Old Footprint=HDR1X3 New Footprint=HDR1X3
Change Physical Footprint: Designator=P10 Old Footprint=HDR1X3 New Footprint=HDR1X3
Change Physical Footprint: Designator=P11 Old Footprint=HDR1X3 New Footprint=HDR1X3
Change Physical Footprint: Designator=P12 Old Footprint=HDR1X3 New Footprint=HDR1X3
Change Physical Footprint: Designator=P13 Old Footprint=BNC_RA CON New Footprint=BNC_RA CON
Change Physical Footprint: Designator=P14 Old Footprint=TE_6-440054-2 New Footprint=TE_6-440054-2
Change Physical Footprint: Designator=P15 Old Footprint=XT30_Horizontal New Footprint=XT30_Horizontal
Change Physical Footprint: Designator=P16 Old Footprint=TE_1586039-6 New Footprint=TE_1586039-6
Change Physical Footprint: Designator=P17 Old Footprint=TE_1586039-6 New Footprint=TE_1586039-6
Change Physical Footprint: Designator=Q1 Old Footprint=DPAK New Footprint=DPAK
Change Physical Footprint: Designator=Q2 Old Footprint=SOT23-3 New Footprint=SOT23-3
Change Physical Footprint: Designator=R1 Old Footprint=ANTC1608X90N New Footprint=ANTC1608X90N
Change Physical Footprint: Designator=R2 Old Footprint=ANTC1608X90N New Footprint=ANTC1608X90N
Change Physical Footprint: Designator=R3 Old Footprint=ANTC1608X90N New Footprint=ANTC1608X90N
Change Physical Footprint: Designator=R4 Old Footprint=ANTC1608X90N New Footprint=ANTC1608X90N
Change Physical Footprint: Designator=R5 Old Footprint=ANTC1608X90N New Footprint=ANTC1608X90N
Change Physical Footprint: Designator=R6 Old Footprint=ANTC1608X90N New Footprint=ANTC1608X90N
Change Physical Footprint: Designator=R7 Old Footprint=ANTC1608X90N New Footprint=ANTC1608X90N
Change Physical Footprint: Designator=R8 Old Footprint=ANTC1608X90N New Footprint=ANTC1608X90N
Change Physical Footprint: Designator=R9 Old Footprint=ANTC1608X90N New Footprint=ANTC1608X90N
Change Physical Footprint: Designator=R10 Old Footprint=ANTC1608X90N New Footprint=ANTC1608X90N
Change Physical Footprint: Designator=R11 Old Footprint=ANTC1608X90N New Footprint=ANTC1608X90N
Change Physical Footprint: Designator=R12 Old Footprint=ANTC1608X90N New Footprint=ANTC1608X90N
Change Physical Footprint: Designator=R13 Old Footprint=ANTC1608X90N New Footprint=ANTC1608X90N
Change Physical Footprint: Designator=R14 Old Footprint=ANTC1608X90N New Footprint=ANTC1608X90N
Change Physical Footprint: Designator=R15 Old Footprint=ANTC1608X90N New Footprint=ANTC1608X90N
Change Physical Footprint: Designator=R16 Old Footprint=ANTC1608X90N New Footprint=ANTC1608X90N
Change Physical Footprint: Designator=R17 Old Footprint=ANTC1608X90N New Footprint=ANTC1608X90N
Change Physical Footprint: Designator=R18 Old Footprint=RESC6331X70N New Footprint=RESC6331X70N
Change Physical Footprint: Designator=R19 Old Footprint=ANTC1608X90N New Footprint=ANTC1608X90N
Change Physical Footprint: Designator=R20 Old Footprint=ANTC1608X90N New Footprint=ANTC1608X90N
Change Physical Footprint: Designator=R21 Old Footprint=ANTC1608X90N New Footprint=ANTC1608X90N
Change Physical Footprint: Designator=R22 Old Footprint=ANTC1608X90N New Footprint=ANTC1608X90N
Change Physical Footprint: Designator=R23 Old Footprint=ANTC1608X90N New Footprint=ANTC1608X90N
Change Physical Footprint: Designator=R24 Old Footprint=ANTC1608X90N New Footprint=ANTC1608X90N
Change Physical Footprint: Designator=R25 Old Footprint=RESC6331X70N New Footprint=RESC6331X70N
Change Physical Footprint: Designator=R26 Old Footprint=ANTC1608X90N New Footprint=ANTC1608X90N
Change Physical Footprint: Designator=S1 Old Footprint=TL3313AF250QG New Footprint=TL3313AF250QG
Change Physical Footprint: Designator=S2 Old Footprint=TL3313AF250QG New Footprint=TL3313AF250QG
Change Physical Footprint: Designator=U Old Footprint=SOT23-5 New Footprint=SOT23-5
Change Physical Footprint: Designator=U1 Old Footprint=B402 Full New Footprint=B402 Full
Change Physical Footprint: Designator=U2 Old Footprint=DW0016A-IPC_A New Footprint=DW0016A-IPC_A
Change Physical Footprint: Designator=U3 Old Footprint=B0303S-1WR3 New Footprint=B0303S-1WR3
Change Physical Footprint: Designator=U4 Old Footprint=CONV_AL8861Y-13 New Footprint=CONV_AL8861Y-13
Change Physical Footprint: Designator=U5 Old Footprint=CONV_AL8861Y-13 New Footprint=CONV_AL8861Y-13
Change Physical Footprint: Designator=U6 Old Footprint=CONV_AL8861Y-13 New Footprint=CONV_AL8861Y-13
Change Physical Footprint: Designator=U7 Old Footprint=DW0016A-IPC_A New Footprint=DW0016A-IPC_A
Change Physical Footprint: Designator=U8 Old Footprint=B0303S-1WR3 New Footprint=B0303S-1WR3
Change Physical Footprint: Designator=U9 Old Footprint=DW0016A-IPC_A New Footprint=DW0016A-IPC_A
Change Physical Footprint: Designator=U10 Old Footprint=B0303S-1WR3 New Footprint=B0303S-1WR3
Change Physical Footprint: Designator=U11 Old Footprint=DW0016A-IPC_A New Footprint=DW0016A-IPC_A
Change Physical Footprint: Designator=U12 Old Footprint=B0303S-1WR3 New Footprint=B0303S-1WR3
Change Physical Footprint: Designator=U13 Old Footprint=SOT23-5 New Footprint=SOT23-5
