Change Component Designator: Old Designator=C8 New Designator=C23
Change Component Designator: Old Designator=C9 New Designator=C22
Change Component Designator: Old Designator=C10 New Designator=C20
Change Component Designator: Old Designator=C11 New Designator=C19
Change Component Designator: Old Designator=C15 New Designator=C21
Change Component Designator: Old Designator=C23 New Designator=C16
Change Component Designator: Old Designator=D1 New Designator=D11
Change Component Designator: Old Designator=D6 New Designator=D9
Change Component Designator: Old Designator=D7 New Designator=D5
Change Component Designator: Old Designator=D8 New Designator=D7
Change Component Designator: Old Designator=D9 New Designator=D10
Change Component Designator: Old Designator=D10 New Designator=D6
Change Component Designator: Old Designator=D11 New Designator=D8
Change Component Designator: Old Designator=P1 New Designator=P15
Change Component Designator: Old Designator=P2 New Designator=P20
Change Component Designator: Old Designator=P3 New Designator=P12
Change Component Designator: Old Designator=P4 New Designator=P10
Change Component Designator: Old Designator=P5 New Designator=P11
Change Component Designator: Old Designator=PS1 New Designator=PS2
Change Component Designator: Old Designator=PS2 New Designator=PS1
Change Component Designator: Old Designator=Q1 New Designator=Q4
Change Component Designator: Old Designator=Q1 New Designator=Q4
Change Component Designator: Old Designator=Q2 New Designator=Q3
Change Component Designator: Old Designator=R5 New Designator=R44
Change Component Designator: Old Designator=R6 New Designator=R45
Change Component Designator: Old Designator=R7 New Designator=R47
Change Component Designator: Old Designator=R8 New Designator=R36
Change Component Designator: Old Designator=R9 New Designator=R50
Change Component Designator: Old Designator=R10 New Designator=R48
Change Component Designator: Old Designator=R11 New Designator=R51
Change Component Designator: Old Designator=R12 New Designator=R30
Change Component Designator: Old Designator=R13 New Designator=R46
Change Component Designator: Old Designator=R14 New Designator=R39
Change Component Designator: Old Designator=R15 New Designator=R49
Change Component Designator: Old Designator=R16 New Designator=R31
Change Component Designator: Old Designator=R17 New Designator=R38
Change Component Designator: Old Designator=R18 New Designator=R26
Change Component Designator: Old Designator=R19 New Designator=R32
Change Component Designator: Old Designator=R20 New Designator=R25
Change Component Designator: Old Designator=R21 New Designator=R33
Change Component Designator: Old Designator=R22 New Designator=R35
Change Component Designator: Old Designator=R30 New Designator=R34
Change Component Designator: Old Designator=R31 New Designator=R43
Change Component Designator: Old Designator=R47 New Designator=R29
Change Component Designator: Old Designator=R48 New Designator=R40
Change Component Designator: Old Designator=R49 New Designator=R37
Change Component Designator: Old Designator=U3 New Designator=U14
Change Component Designator: Old Designator=U5 New Designator=U11
