Replace Part C8 Capacitor in C:\Users\jakem\OneDrive\Documents\Git\WaterNet23\PCB\WaterNet23BotPCB\Power.SchDoc with Capacitor from Simulation Generic Components.IntLib
Replace Part C9 Capacitor in C:\Users\jakem\OneDrive\Documents\Git\WaterNet23\PCB\WaterNet23BotPCB\Power.SchDoc with Capacitor from Simulation Generic Components.IntLib
Replace Part C10 Capacitor in C:\Users\jakem\OneDrive\Documents\Git\WaterNet23\PCB\WaterNet23BotPCB\Power.SchDoc with Capacitor from Simulation Generic Components.IntLib
Replace Part C11 Capacitor in C:\Users\jakem\OneDrive\Documents\Git\WaterNet23\PCB\WaterNet23BotPCB\Power.SchDoc with Capacitor from Simulation Generic Components.IntLib
Replace Part C12 Capacitor in C:\Users\jakem\OneDrive\Documents\Git\WaterNet23\PCB\WaterNet23BotPCB\Power.SchDoc with Capacitor from Simulation Generic Components.IntLib
Replace Part C13 Capacitor in C:\Users\jakem\OneDrive\Documents\Git\WaterNet23\PCB\WaterNet23BotPCB\Power.SchDoc with Capacitor from Simulation Generic Components.IntLib
Replace Part C14 Capacitor in C:\Users\jakem\OneDrive\Documents\Git\WaterNet23\PCB\WaterNet23BotPCB\Power.SchDoc with Capacitor from Simulation Generic Components.IntLib
Replace Part C15 Capacitor in C:\Users\jakem\OneDrive\Documents\Git\WaterNet23\PCB\WaterNet23BotPCB\Power.SchDoc with Capacitor from Simulation Generic Components.IntLib
Replace Part C16 Capacitor in C:\Users\jakem\OneDrive\Documents\Git\WaterNet23\PCB\WaterNet23BotPCB\Power.SchDoc with Capacitor from Simulation Generic Components.IntLib
Replace Part C17 Capacitor in C:\Users\jakem\OneDrive\Documents\Git\WaterNet23\PCB\WaterNet23BotPCB\Power.SchDoc with Capacitor from Simulation Generic Components.IntLib
Replace Part C18 Capacitor in C:\Users\jakem\OneDrive\Documents\Git\WaterNet23\PCB\WaterNet23BotPCB\Power.SchDoc with Capacitor from Simulation Generic Components.IntLib
Replace Part C19 Capacitor in C:\Users\jakem\OneDrive\Documents\Git\WaterNet23\PCB\WaterNet23BotPCB\Power.SchDoc with Capacitor from Simulation Generic Components.IntLib
Replace Part C20 Capacitor in C:\Users\jakem\OneDrive\Documents\Git\WaterNet23\PCB\WaterNet23BotPCB\Power.SchDoc with Capacitor from Simulation Generic Components.IntLib
Replace Part C21 Capacitor in C:\Users\jakem\OneDrive\Documents\Git\WaterNet23\PCB\WaterNet23BotPCB\Power.SchDoc with Capacitor from Simulation Generic Components.IntLib
Replace Part C22 Capacitor in C:\Users\jakem\OneDrive\Documents\Git\WaterNet23\PCB\WaterNet23BotPCB\Power.SchDoc with Capacitor from Simulation Generic Components.IntLib
Replace Part C23 Capacitor in C:\Users\jakem\OneDrive\Documents\Git\WaterNet23\PCB\WaterNet23BotPCB\Power.SchDoc with Capacitor from Simulation Generic Components.IntLib
Replace Part C24 Capacitor in C:\Users\jakem\OneDrive\Documents\Git\WaterNet23\PCB\WaterNet23BotPCB\Power.SchDoc with Capacitor from Simulation Generic Components.IntLib
Replace Part C25 Capacitor in C:\Users\jakem\OneDrive\Documents\Git\WaterNet23\PCB\WaterNet23BotPCB\Power.SchDoc with Capacitor from Simulation Generic Components.IntLib
Replace Part C26 Capacitor in C:\Users\jakem\OneDrive\Documents\Git\WaterNet23\PCB\WaterNet23BotPCB\Power.SchDoc with Capacitor from Simulation Generic Components.IntLib
Replace Part C27 Capacitor in C:\Users\jakem\OneDrive\Documents\Git\WaterNet23\PCB\WaterNet23BotPCB\Power.SchDoc with Capacitor from Simulation Generic Components.IntLib
Replace Part C28 Capacitor in C:\Users\jakem\OneDrive\Documents\Git\WaterNet23\PCB\WaterNet23BotPCB\Power.SchDoc with Capacitor from Simulation Generic Components.IntLib
Replace Part C29 Capacitor in C:\Users\jakem\OneDrive\Documents\Git\WaterNet23\PCB\WaterNet23BotPCB\Power.SchDoc with Capacitor from Simulation Generic Components.IntLib
Replace Part C30 Capacitor in C:\Users\jakem\OneDrive\Documents\Git\WaterNet23\PCB\WaterNet23BotPCB\Power.SchDoc with Capacitor from Simulation Generic Components.IntLib
Update Managed Component D1 From CMP-1054-00102-1[BAV23CLT1G] To CMP-1054-00102-1[BAV23CLT1G] in Power.SchDoc
Replace Part L1 Inductor in C:\Users\jakem\OneDrive\Documents\Git\WaterNet23\PCB\WaterNet23BotPCB\Power.SchDoc with Inductor from Simulation Generic Components.IntLib
Replace Part L2 Inductor in C:\Users\jakem\OneDrive\Documents\Git\WaterNet23\PCB\WaterNet23BotPCB\Power.SchDoc with Inductor from Simulation Generic Components.IntLib
Replace Part L3 Inductor in C:\Users\jakem\OneDrive\Documents\Git\WaterNet23\PCB\WaterNet23BotPCB\Power.SchDoc with Inductor from Simulation Generic Components.IntLib
Replace Part P1 Header 2 in C:\Users\jakem\OneDrive\Documents\Git\WaterNet23\PCB\WaterNet23BotPCB\Power.SchDoc with Header 2 from Miscellaneous Connectors.IntLib
Replace Part P2 Header 2 in C:\Users\jakem\OneDrive\Documents\Git\WaterNet23\PCB\WaterNet23BotPCB\Power.SchDoc with Header 2 from Miscellaneous Connectors.IntLib
Replace Part P3 Header 2 in C:\Users\jakem\OneDrive\Documents\Git\WaterNet23\PCB\WaterNet23BotPCB\Power.SchDoc with Header 2 from Miscellaneous Connectors.IntLib
Replace Part P4 Header 6 in C:\Users\jakem\OneDrive\Documents\Git\WaterNet23\PCB\WaterNet23BotPCB\Power.SchDoc with Header 6 from Miscellaneous Connectors.IntLib
Replace Part P5 Header 6 in C:\Users\jakem\OneDrive\Documents\Git\WaterNet23\PCB\WaterNet23BotPCB\Power.SchDoc with Header 6 from Miscellaneous Connectors.IntLib
Replace Part Q1 MOSFET-N in C:\Users\jakem\OneDrive\Documents\Git\WaterNet23\PCB\WaterNet23BotPCB\Power.SchDoc with MOSFET-N from Miscellaneous Devices.IntLib
Replace Part Q2 MOSFET-N in C:\Users\jakem\OneDrive\Documents\Git\WaterNet23\PCB\WaterNet23BotPCB\Power.SchDoc with MOSFET-N from Miscellaneous Devices.IntLib
Replace Part R5 Resistor in C:\Users\jakem\OneDrive\Documents\Git\WaterNet23\PCB\WaterNet23BotPCB\Power.SchDoc with Resistor from Simulation Generic Components.IntLib
Replace Part R6 Resistor in C:\Users\jakem\OneDrive\Documents\Git\WaterNet23\PCB\WaterNet23BotPCB\Power.SchDoc with Resistor from Simulation Generic Components.IntLib
Replace Part R7 Resistor in C:\Users\jakem\OneDrive\Documents\Git\WaterNet23\PCB\WaterNet23BotPCB\Power.SchDoc with Resistor from Simulation Generic Components.IntLib
Replace Part R8 Resistor in C:\Users\jakem\OneDrive\Documents\Git\WaterNet23\PCB\WaterNet23BotPCB\Power.SchDoc with Resistor from Simulation Generic Components.IntLib
Replace Part R9 Resistor in C:\Users\jakem\OneDrive\Documents\Git\WaterNet23\PCB\WaterNet23BotPCB\Power.SchDoc with Resistor from Simulation Generic Components.IntLib
Replace Part R10 Resistor in C:\Users\jakem\OneDrive\Documents\Git\WaterNet23\PCB\WaterNet23BotPCB\Power.SchDoc with Resistor from Simulation Generic Components.IntLib
Replace Part R11 Resistor in C:\Users\jakem\OneDrive\Documents\Git\WaterNet23\PCB\WaterNet23BotPCB\Power.SchDoc with Resistor from Simulation Generic Components.IntLib
Replace Part R12 Resistor in C:\Users\jakem\OneDrive\Documents\Git\WaterNet23\PCB\WaterNet23BotPCB\Power.SchDoc with Resistor from Simulation Generic Components.IntLib
Replace Part R13 Resistor in C:\Users\jakem\OneDrive\Documents\Git\WaterNet23\PCB\WaterNet23BotPCB\Power.SchDoc with Resistor from Simulation Generic Components.IntLib
Replace Part R14 Resistor in C:\Users\jakem\OneDrive\Documents\Git\WaterNet23\PCB\WaterNet23BotPCB\Power.SchDoc with Resistor from Simulation Generic Components.IntLib
Replace Part R15 Resistor in C:\Users\jakem\OneDrive\Documents\Git\WaterNet23\PCB\WaterNet23BotPCB\Power.SchDoc with Resistor from Simulation Generic Components.IntLib
Replace Part R16 Resistor in C:\Users\jakem\OneDrive\Documents\Git\WaterNet23\PCB\WaterNet23BotPCB\Power.SchDoc with Resistor from Simulation Generic Components.IntLib
Replace Part R17 Resistor in C:\Users\jakem\OneDrive\Documents\Git\WaterNet23\PCB\WaterNet23BotPCB\Power.SchDoc with Resistor from Simulation Generic Components.IntLib
Replace Part R18 Resistor in C:\Users\jakem\OneDrive\Documents\Git\WaterNet23\PCB\WaterNet23BotPCB\Power.SchDoc with Resistor from Simulation Generic Components.IntLib
Replace Part R19 Resistor in C:\Users\jakem\OneDrive\Documents\Git\WaterNet23\PCB\WaterNet23BotPCB\Power.SchDoc with Resistor from Simulation Generic Components.IntLib
Replace Part R20 Resistor in C:\Users\jakem\OneDrive\Documents\Git\WaterNet23\PCB\WaterNet23BotPCB\Power.SchDoc with Resistor from Simulation Generic Components.IntLib
Replace Part R21 Resistor in C:\Users\jakem\OneDrive\Documents\Git\WaterNet23\PCB\WaterNet23BotPCB\Power.SchDoc with Resistor from Simulation Generic Components.IntLib
Replace Part R22 Resistor in C:\Users\jakem\OneDrive\Documents\Git\WaterNet23\PCB\WaterNet23BotPCB\Power.SchDoc with Resistor from Simulation Generic Components.IntLib
Replace Part U2 ISL85003AFRZ in C:\Users\jakem\OneDrive\Documents\Git\WaterNet23\PCB\WaterNet23BotPCB\Power.SchDoc with ISL85003AFRZ from ISL85003AFRZ.SchLib
Replace Part U3 INA139 in C:\Users\jakem\OneDrive\Documents\Git\WaterNet23\PCB\WaterNet23BotPCB\Power.SchDoc with INA139 from INA139.IntLib
Replace Part U4 ISL85003AFRZ in C:\Users\jakem\OneDrive\Documents\Git\WaterNet23\PCB\WaterNet23BotPCB\Power.SchDoc with ISL85003AFRZ from ISL85003AFRZ.SchLib
Replace Part U5 INA139 in C:\Users\jakem\OneDrive\Documents\Git\WaterNet23\PCB\WaterNet23BotPCB\Power.SchDoc with INA139 from INA139.IntLib
Replace Part U6 ISL85003AFRZ in C:\Users\jakem\OneDrive\Documents\Git\WaterNet23\PCB\WaterNet23BotPCB\Power.SchDoc with ISL85003AFRZ from ISL85003AFRZ.SchLib
