Change Component Designator: Old Designator=C34 New Designator=C17
Change Component Designator: Old Designator=C35 New Designator=C18
Change Component Designator: Old Designator=C36 New Designator=C13
Change Component Designator: Old Designator=C37 New Designator=C15
Change Component Designator: Old Designator=C38 New Designator=C7
Change Component Designator: Old Designator=C39 New Designator=C8
Change Component Designator: Old Designator=C40 New Designator=C5
Change Component Designator: Old Designator=C41 New Designator=C6
Change Component Designator: Old Designator=J3 New Designator=J6
Change Component Designator: Old Designator=J4 New Designator=J7
Change Component Designator: Old Designator=J6 New Designator=J4
Change Component Designator: Old Designator=J7 New Designator=J3
Change Component Designator: Old Designator=P7 New Designator=P13
Change Component Designator: Old Designator=P8 New Designator=P19
Change Component Designator: Old Designator=P9 New Designator=P14
Change Component Designator: Old Designator=P10 New Designator=P16
Change Component Designator: Old Designator=P11 New Designator=P8
Change Component Designator: Old Designator=P12 New Designator=P9
Change Component Designator: Old Designator=P13 New Designator=P6
Change Component Designator: Old Designator=P14 New Designator=P7
Change Component Designator: Old Designator=P15 New Designator=P3
Change Component Designator: Old Designator=P16 New Designator=P4
Change Component Designator: Old Designator=P20 New Designator=P2
Change Component Designator: Old Designator=P25 New Designator=P1
Change Component Designator: Old Designator=Q3 New Designator=Q5
Change Component Designator: Old Designator=R26 New Designator=R27
Change Component Designator: Old Designator=R27 New Designator=R28
Change Component Designator: Old Designator=R28 New Designator=R19
Change Component Designator: Old Designator=R29 New Designator=R20
Change Component Designator: Old Designator=R32 New Designator=R7
Change Component Designator: Old Designator=R33 New Designator=R8
Change Component Designator: Old Designator=R34 New Designator=R3
Change Component Designator: Old Designator=R35 New Designator=R4
Change Component Designator: Old Designator=R36 New Designator=R42
Change Component Designator: Old Designator=R37 New Designator=R41
Change Component Designator: Old Designator=R54 New Designator=R55
Change Component Designator: Old Designator=R55 New Designator=R52
Change Component Designator: Old Designator=R56 New Designator=R54
Change Component Designator: Old Designator=R57 New Designator=R5
Change Component Designator: Old Designator=U10 New Designator=U13
Change Component Designator: Old Designator=U11 New Designator=U12
Change Component Designator: Old Designator=U12 New Designator=U10
Change Component Designator: Old Designator=U13 New Designator=U9
Change Component Designator: Old Designator=U14 New Designator=U5
Change Component Designator: Old Designator=U15 New Designator=U4
Change Component Designator: Old Designator=U16 New Designator=U2
Change Component Designator: Old Designator=U17 New Designator=U1
