Replace Part C34 Capacitor in C:\Users\jakem\OneDrive\Documents\Git\WaterNet23\PCB\WaterNet23BotPCB\Sensors.SchDoc with Capacitor from Simulation Generic Components.IntLib
Replace Part C35 Capacitor in C:\Users\jakem\OneDrive\Documents\Git\WaterNet23\PCB\WaterNet23BotPCB\Sensors.SchDoc with Capacitor from Simulation Generic Components.IntLib
Replace Part C36 Capacitor in C:\Users\jakem\OneDrive\Documents\Git\WaterNet23\PCB\WaterNet23BotPCB\Sensors.SchDoc with Capacitor from Simulation Generic Components.IntLib
Replace Part C37 Capacitor in C:\Users\jakem\OneDrive\Documents\Git\WaterNet23\PCB\WaterNet23BotPCB\Sensors.SchDoc with Capacitor from Simulation Generic Components.IntLib
Replace Part C38 Capacitor in C:\Users\jakem\OneDrive\Documents\Git\WaterNet23\PCB\WaterNet23BotPCB\Sensors.SchDoc with Capacitor from Simulation Generic Components.IntLib
Replace Part C39 Capacitor in C:\Users\jakem\OneDrive\Documents\Git\WaterNet23\PCB\WaterNet23BotPCB\Sensors.SchDoc with Capacitor from Simulation Generic Components.IntLib
Replace Part C40 Capacitor in C:\Users\jakem\OneDrive\Documents\Git\WaterNet23\PCB\WaterNet23BotPCB\Sensors.SchDoc with Capacitor from Simulation Generic Components.IntLib
Replace Part C41 Capacitor in C:\Users\jakem\OneDrive\Documents\Git\WaterNet23\PCB\WaterNet23BotPCB\Sensors.SchDoc with Capacitor from Simulation Generic Components.IntLib
Update Managed Component J3 From CMP-111093-000003-1[PCB.SMAFRA.HT] To CMP-111093-000003-1[PCB.SMAFRA.HT] in Sensors.SchDoc
Update Managed Component J4 From CMP-111093-000003-1[PCB.SMAFRA.HT] To CMP-111093-000003-1[PCB.SMAFRA.HT] in Sensors.SchDoc
Update Managed Component J5 From CMP-111093-000003-1[PCB.SMAFRA.HT] To CMP-111093-000003-1[PCB.SMAFRA.HT] in Sensors.SchDoc
Update Managed Component J6 From CMP-111093-000003-1[PCB.SMAFRA.HT] To CMP-111093-000003-1[PCB.SMAFRA.HT] in Sensors.SchDoc
Update Managed Component J7 From CMP-111093-000003-1[PCB.SMAFRA.HT] To CMP-111093-000003-1[PCB.SMAFRA.HT] in Sensors.SchDoc
Replace Part P7 Header 3 in C:\Users\jakem\OneDrive\Documents\Git\WaterNet23\PCB\WaterNet23BotPCB\Sensors.SchDoc with Header 3 from Miscellaneous Connectors.IntLib
Replace Part P8 Header 3 in C:\Users\jakem\OneDrive\Documents\Git\WaterNet23\PCB\WaterNet23BotPCB\Sensors.SchDoc with Header 3 from Miscellaneous Connectors.IntLib
Replace Part P9 Header 3 in C:\Users\jakem\OneDrive\Documents\Git\WaterNet23\PCB\WaterNet23BotPCB\Sensors.SchDoc with Header 3 from Miscellaneous Connectors.IntLib
Replace Part P10 Header 3 in C:\Users\jakem\OneDrive\Documents\Git\WaterNet23\PCB\WaterNet23BotPCB\Sensors.SchDoc with Header 3 from Miscellaneous Connectors.IntLib
Replace Part P11 Header 3 in C:\Users\jakem\OneDrive\Documents\Git\WaterNet23\PCB\WaterNet23BotPCB\Sensors.SchDoc with Header 3 from Miscellaneous Connectors.IntLib
Replace Part P12 Header 3 in C:\Users\jakem\OneDrive\Documents\Git\WaterNet23\PCB\WaterNet23BotPCB\Sensors.SchDoc with Header 3 from Miscellaneous Connectors.IntLib
Replace Part P13 Header 3 in C:\Users\jakem\OneDrive\Documents\Git\WaterNet23\PCB\WaterNet23BotPCB\Sensors.SchDoc with Header 3 from Miscellaneous Connectors.IntLib
Replace Part P14 Header 3 in C:\Users\jakem\OneDrive\Documents\Git\WaterNet23\PCB\WaterNet23BotPCB\Sensors.SchDoc with Header 3 from Miscellaneous Connectors.IntLib
Replace Part P15 Header 3 in C:\Users\jakem\OneDrive\Documents\Git\WaterNet23\PCB\WaterNet23BotPCB\Sensors.SchDoc with Header 3 from Miscellaneous Connectors.IntLib
Replace Part P16 Header 3 in C:\Users\jakem\OneDrive\Documents\Git\WaterNet23\PCB\WaterNet23BotPCB\Sensors.SchDoc with Header 3 from Miscellaneous Connectors.IntLib
Replace Part Q3 MOSFET-N in C:\Users\jakem\OneDrive\Documents\Git\WaterNet23\PCB\WaterNet23BotPCB\Sensors.SchDoc with MOSFET-N from Miscellaneous Devices.IntLib
Replace Part R26 Resistor in C:\Users\jakem\OneDrive\Documents\Git\WaterNet23\PCB\WaterNet23BotPCB\Sensors.SchDoc with Resistor from Simulation Generic Components.IntLib
Replace Part R27 Resistor in C:\Users\jakem\OneDrive\Documents\Git\WaterNet23\PCB\WaterNet23BotPCB\Sensors.SchDoc with Resistor from Simulation Generic Components.IntLib
Replace Part R28 Resistor in C:\Users\jakem\OneDrive\Documents\Git\WaterNet23\PCB\WaterNet23BotPCB\Sensors.SchDoc with Resistor from Simulation Generic Components.IntLib
Replace Part R29 Resistor in C:\Users\jakem\OneDrive\Documents\Git\WaterNet23\PCB\WaterNet23BotPCB\Sensors.SchDoc with Resistor from Simulation Generic Components.IntLib
Replace Part R30 Resistor in C:\Users\jakem\OneDrive\Documents\Git\WaterNet23\PCB\WaterNet23BotPCB\Sensors.SchDoc with Resistor from Simulation Generic Components.IntLib
Replace Part R31 Resistor in C:\Users\jakem\OneDrive\Documents\Git\WaterNet23\PCB\WaterNet23BotPCB\Sensors.SchDoc with Resistor from Simulation Generic Components.IntLib
Replace Part R32 Resistor in C:\Users\jakem\OneDrive\Documents\Git\WaterNet23\PCB\WaterNet23BotPCB\Sensors.SchDoc with Resistor from Simulation Generic Components.IntLib
Replace Part R33 Resistor in C:\Users\jakem\OneDrive\Documents\Git\WaterNet23\PCB\WaterNet23BotPCB\Sensors.SchDoc with Resistor from Simulation Generic Components.IntLib
Replace Part R34 Resistor in C:\Users\jakem\OneDrive\Documents\Git\WaterNet23\PCB\WaterNet23BotPCB\Sensors.SchDoc with Resistor from Simulation Generic Components.IntLib
Replace Part R35 Resistor in C:\Users\jakem\OneDrive\Documents\Git\WaterNet23\PCB\WaterNet23BotPCB\Sensors.SchDoc with Resistor from Simulation Generic Components.IntLib
Replace Part U10 ISO1640QDWRQ1 in C:\Users\jakem\OneDrive\Documents\Git\WaterNet23\PCB\WaterNet23BotPCB\Sensors.SchDoc with ISO1640QDWRQ1 from ISO1640QDWRQ1.SchLib
Replace Part U11 B0303S-1WR3 in C:\Users\jakem\OneDrive\Documents\Git\WaterNet23\PCB\WaterNet23BotPCB\Sensors.SchDoc with B0303S-1WR3 from WaterNet23BotPCB.SCHLIB
Replace Part U12 ISO1640QDWRQ1 in C:\Users\jakem\OneDrive\Documents\Git\WaterNet23\PCB\WaterNet23BotPCB\Sensors.SchDoc with ISO1640QDWRQ1 from ISO1640QDWRQ1.SchLib
Replace Part U13 B0303S-1WR3 in C:\Users\jakem\OneDrive\Documents\Git\WaterNet23\PCB\WaterNet23BotPCB\Sensors.SchDoc with B0303S-1WR3 from WaterNet23BotPCB.SCHLIB
Replace Part U14 ISO1640QDWRQ1 in C:\Users\jakem\OneDrive\Documents\Git\WaterNet23\PCB\WaterNet23BotPCB\Sensors.SchDoc with ISO1640QDWRQ1 from ISO1640QDWRQ1.SchLib
Replace Part U15 B0303S-1WR3 in C:\Users\jakem\OneDrive\Documents\Git\WaterNet23\PCB\WaterNet23BotPCB\Sensors.SchDoc with B0303S-1WR3 from WaterNet23BotPCB.SCHLIB
Replace Part U16 ISO1640QDWRQ1 in C:\Users\jakem\OneDrive\Documents\Git\WaterNet23\PCB\WaterNet23BotPCB\Sensors.SchDoc with ISO1640QDWRQ1 from ISO1640QDWRQ1.SchLib
Replace Part U17 B0303S-1WR3 in C:\Users\jakem\OneDrive\Documents\Git\WaterNet23\PCB\WaterNet23BotPCB\Sensors.SchDoc with B0303S-1WR3 from WaterNet23BotPCB.SCHLIB
