Change Physical Footprint: Designator=C1 Old Footprint=1206 Capacitor New Footprint=1206 Capacitor
Change Physical Footprint: Designator=C2 Old Footprint=1206 Capacitor New Footprint=1206 Capacitor
Change Physical Footprint: Designator=C3 Old Footprint=1206 Capacitor New Footprint=1206 Capacitor
Change Physical Footprint: Designator=C4 Old Footprint=1206 Capacitor New Footprint=1206 Capacitor
Change Physical Footprint: Designator=C5 Old Footprint=1206 Capacitor New Footprint=1206 Capacitor
Change Physical Footprint: Designator=C6 Old Footprint=1206 Capacitor New Footprint=1206 Capacitor
Change Physical Footprint: Designator=C7 Old Footprint=1206 Capacitor New Footprint=1206 Capacitor
Change Physical Footprint: Designator=J1 Old Footprint=Feather_OLED New Footprint=Feather_OLED
Change Physical Footprint: Designator=MD1 Old Footprint=FP-XBP9B-DMUTB002-MFG New Footprint=FP-XBP9B-DMUTB002-MFG
Change Physical Footprint: Designator=P1 Old Footprint=HDR2X30 New Footprint=HDR2X30
Change Physical Footprint: Designator=P2 Old Footprint=HDR2X6 New Footprint=HDR2X6
Change Physical Footprint: Designator=P3 Old Footprint=HDR2X12 New Footprint=HDR2X12
Change Physical Footprint: Designator=R1 Old Footprint=1206 Resistor New Footprint=1206 Resistor
Change Physical Footprint: Designator=R2 Old Footprint=1206 Resistor New Footprint=1206 Resistor
Change Physical Footprint: Designator=R3 Old Footprint=1206 Resistor New Footprint=1206 Resistor
Change Physical Footprint: Designator=R4 Old Footprint=1206 Resistor New Footprint=1206 Resistor
Change Physical Footprint: Designator=R5 Old Footprint=1206 Resistor New Footprint=1206 Resistor
Change Physical Footprint: Designator=R6 Old Footprint=1206 Resistor New Footprint=1206 Resistor
Change Physical Footprint: Designator=S1 Old Footprint=SW_TS02-66-170-BK-260-SCR-D New Footprint=SW_TS02-66-170-BK-260-SCR-D
Change Physical Footprint: Designator=S2 Old Footprint=SW_TS02-66-170-BK-260-SCR-D New Footprint=SW_TS02-66-170-BK-260-SCR-D
Change Physical Footprint: Designator=S3 Old Footprint=SW_TS02-66-170-BK-260-SCR-D New Footprint=SW_TS02-66-170-BK-260-SCR-D
Change Physical Footprint: Designator=S4 Old Footprint=SW_TS02-66-170-BK-260-SCR-D New Footprint=SW_TS02-66-170-BK-260-SCR-D
Change Physical Footprint: Designator=S5 Old Footprint=SW_TS02-66-170-BK-260-SCR-D New Footprint=SW_TS02-66-170-BK-260-SCR-D
Change Physical Footprint: Designator=U1 Old Footprint=XDCR_COM-09032 New Footprint=XDCR_COM-09032
